2021-12-12 16:11:30,422 [Worker-2: Loading available Gradle versions] INFO  o.e.b.c.i.u.g.PublishedGradleVersions - Gradle version information cache is out-of-date. Trying to update.
2021-12-12 16:19:09,261 [Worker-15: Creating project "SpringSetterInjection"] INFO  o.e.m.c.i.l.LifecycleMappingFactory - Using org.eclipse.m2e.jdt.JarLifecycleMapping lifecycle mapping for MavenProject: SpringSetterInjection:SpringSetterInjection:0.0.1-SNAPSHOT @ C:\Users\jorge\Desktop\cosas_de_clase\Desarrollo_de_Interfaces\Eclipse_2Eval\SpringSetterInjection\pom.xml.
2021-12-12 16:19:10,446 [Worker-15: Creating project "SpringSetterInjection"] INFO  o.e.m.j.i.AbstractJavaProjectConfigurator - Adding source folder /SpringSetterInjection/src/main/java
2021-12-12 16:19:10,448 [Worker-15: Creating project "SpringSetterInjection"] INFO  o.e.m.j.i.AbstractJavaProjectConfigurator - Adding resource folder /SpringSetterInjection/src/main/resources
2021-12-12 16:19:10,449 [Worker-15: Creating project "SpringSetterInjection"] INFO  o.e.m.j.i.AbstractJavaProjectConfigurator - Adding source folder /SpringSetterInjection/src/test/java
2021-12-12 16:19:10,449 [Worker-15: Creating project "SpringSetterInjection"] INFO  o.e.m.j.i.AbstractJavaProjectConfigurator - Adding resource folder /SpringSetterInjection/src/test/resources
2021-12-12 16:19:11,873 [Worker-17: Building workspace] WARN  o.e.m.c.i.embedder.EclipseLogger - Using platform encoding (Cp1252 actually) to copy filtered resources, i.e. build is platform dependent!
2021-12-12 16:19:11,882 [Worker-17: Building workspace] INFO  o.e.m.c.i.embedder.EclipseLogger - Copying 0 resource
2021-12-12 16:19:11,884 [Worker-17: Building workspace] WARN  o.e.m.c.i.embedder.EclipseLogger - Using platform encoding (Cp1252 actually) to copy filtered resources, i.e. build is platform dependent!
2021-12-12 16:19:11,885 [Worker-17: Building workspace] INFO  o.e.m.c.i.embedder.EclipseLogger - Copying 0 resource
2021-12-12 16:19:40,990 [Worker-16: Building workspace] INFO  o.e.m.c.i.l.LifecycleMappingFactory - Using org.eclipse.m2e.jdt.JarLifecycleMapping lifecycle mapping for MavenProject: SpringSetterInjection:SpringSetterInjection:0.0.1-SNAPSHOT @ C:\Users\jorge\Desktop\cosas_de_clase\Desarrollo_de_Interfaces\Eclipse_2Eval\SpringSetterInjection\pom.xml.
2021-12-12 16:19:41,205 [Worker-16: Building workspace] WARN  o.e.m.c.i.embedder.EclipseLogger - Using platform encoding (Cp1252 actually) to copy filtered resources, i.e. build is platform dependent!
2021-12-12 16:19:41,208 [Worker-16: Building workspace] INFO  o.e.m.c.i.embedder.EclipseLogger - Copying 0 resource
2021-12-12 16:19:41,211 [Worker-16: Building workspace] WARN  o.e.m.c.i.embedder.EclipseLogger - Using platform encoding (Cp1252 actually) to copy filtered resources, i.e. build is platform dependent!
2021-12-12 16:19:41,212 [Worker-16: Building workspace] INFO  o.e.m.c.i.embedder.EclipseLogger - Copying 0 resource
2021-12-12 16:30:28,524 [Worker-17: reload maven project] INFO  o.e.m.c.i.e.AbstractTransferListenerAdapter - Downloading https://repo.maven.apache.org/maven2/org/springframework/spring-core/4.0.6.RELEASE/spring-core-4.0.6.RELEASE.pom
2021-12-12 16:30:28,586 [Worker-17: reload maven project] INFO  o.e.m.c.i.e.AbstractTransferListenerAdapter - Downloaded https://repo.maven.apache.org/maven2/org/springframework/spring-core/4.0.6.RELEASE/spring-core-4.0.6.RELEASE.pom
2021-12-12 16:30:28,626 [Worker-17: reload maven project] INFO  o.e.m.c.i.e.AbstractTransferListenerAdapter - Downloading https://repo.maven.apache.org/maven2/commons-logging/commons-logging/1.1.3/commons-logging-1.1.3.pom
2021-12-12 16:30:28,707 [Worker-17: reload maven project] INFO  o.e.m.c.i.e.AbstractTransferListenerAdapter - Downloaded https://repo.maven.apache.org/maven2/commons-logging/commons-logging/1.1.3/commons-logging-1.1.3.pom
2021-12-12 16:30:28,709 [Worker-21: Building workspace] INFO  o.e.m.c.i.l.LifecycleMappingFactory - Using org.eclipse.m2e.jdt.JarLifecycleMapping lifecycle mapping for MavenProject: SpringSetterInjection:SpringSetterInjection:0.0.1-SNAPSHOT @ C:\Users\jorge\Desktop\cosas_de_clase\Desarrollo_de_Interfaces\Eclipse_2Eval\SpringSetterInjection\pom.xml.
2021-12-12 16:30:28,797 [Worker-17: reload maven project] INFO  o.e.m.c.i.e.AbstractTransferListenerAdapter - Downloading https://repo.maven.apache.org/maven2/org/springframework/spring-context/4.0.6.RELEASE/spring-context-4.0.6.RELEASE.pom
2021-12-12 16:30:28,850 [Worker-17: reload maven project] INFO  o.e.m.c.i.e.AbstractTransferListenerAdapter - Downloaded https://repo.maven.apache.org/maven2/org/springframework/spring-context/4.0.6.RELEASE/spring-context-4.0.6.RELEASE.pom
2021-12-12 16:30:28,884 [Worker-21: Building workspace] INFO  o.e.m.c.i.e.AbstractTransferListenerAdapter - Downloading https://repo.maven.apache.org/maven2/org/springframework/spring-context/4.0.6.RELEASE/spring-context-4.0.6.RELEASE.pom
2021-12-12 16:30:28,888 [Worker-17: reload maven project] INFO  o.e.m.c.i.e.AbstractTransferListenerAdapter - Downloading https://repo.maven.apache.org/maven2/org/springframework/spring-aop/4.0.6.RELEASE/spring-aop-4.0.6.RELEASE.pom
2021-12-12 16:30:28,930 [Worker-21: Building workspace] INFO  o.e.m.c.i.e.AbstractTransferListenerAdapter - Downloaded https://repo.maven.apache.org/maven2/org/springframework/spring-context/4.0.6.RELEASE/spring-context-4.0.6.RELEASE.pom
2021-12-12 16:30:28,942 [Worker-17: reload maven project] INFO  o.e.m.c.i.e.AbstractTransferListenerAdapter - Downloaded https://repo.maven.apache.org/maven2/org/springframework/spring-aop/4.0.6.RELEASE/spring-aop-4.0.6.RELEASE.pom
2021-12-12 16:30:28,968 [Worker-21: Building workspace] INFO  o.e.m.c.i.e.AbstractTransferListenerAdapter - Downloading https://repo.maven.apache.org/maven2/org/springframework/spring-aop/4.0.6.RELEASE/spring-aop-4.0.6.RELEASE.pom
2021-12-12 16:30:28,998 [Worker-17: reload maven project] INFO  o.e.m.c.i.e.AbstractTransferListenerAdapter - Downloading https://repo.maven.apache.org/maven2/org/springframework/spring-beans/4.0.6.RELEASE/spring-beans-4.0.6.RELEASE.pom
2021-12-12 16:30:29,052 [Worker-17: reload maven project] INFO  o.e.m.c.i.e.AbstractTransferListenerAdapter - Downloaded https://repo.maven.apache.org/maven2/org/springframework/spring-beans/4.0.6.RELEASE/spring-beans-4.0.6.RELEASE.pom
2021-12-12 16:30:29,059 [Worker-21: Building workspace] INFO  o.e.m.c.i.e.AbstractTransferListenerAdapter - Downloaded https://repo.maven.apache.org/maven2/org/springframework/spring-aop/4.0.6.RELEASE/spring-aop-4.0.6.RELEASE.pom
2021-12-12 16:30:29,098 [Worker-17: reload maven project] INFO  o.e.m.c.i.e.AbstractTransferListenerAdapter - Downloading https://repo.maven.apache.org/maven2/org/springframework/spring-expression/4.0.6.RELEASE/spring-expression-4.0.6.RELEASE.pom
2021-12-12 16:30:29,102 [Worker-21: Building workspace] INFO  o.e.m.c.i.e.AbstractTransferListenerAdapter - Downloading https://repo.maven.apache.org/maven2/org/springframework/spring-expression/4.0.6.RELEASE/spring-expression-4.0.6.RELEASE.pom
2021-12-12 16:30:29,158 [Worker-21: Building workspace] INFO  o.e.m.c.i.e.AbstractTransferListenerAdapter - Downloaded https://repo.maven.apache.org/maven2/org/springframework/spring-expression/4.0.6.RELEASE/spring-expression-4.0.6.RELEASE.pom
2021-12-12 16:30:29,177 [Worker-17: reload maven project] INFO  o.e.m.c.i.e.AbstractTransferListenerAdapter - Downloaded https://repo.maven.apache.org/maven2/org/springframework/spring-expression/4.0.6.RELEASE/spring-expression-4.0.6.RELEASE.pom
2021-12-12 16:30:29,208 [Worker-21: Building workspace] INFO  o.e.m.c.i.e.AbstractTransferListenerAdapter - Downloading https://repo.maven.apache.org/maven2/org/springframework/spring-core/4.0.6.RELEASE/spring-core-4.0.6.RELEASE.jar
2021-12-12 16:30:29,229 [Worker-17: reload maven project] INFO  o.e.m.c.i.e.AbstractTransferListenerAdapter - Downloading https://repo.maven.apache.org/maven2/org/springframework/spring-core/4.0.6.RELEASE/spring-core-4.0.6.RELEASE.jar
2021-12-12 16:30:29,616 [Worker-21: Building workspace] INFO  o.e.m.c.i.e.AbstractTransferListenerAdapter - Downloaded https://repo.maven.apache.org/maven2/org/springframework/spring-core/4.0.6.RELEASE/spring-core-4.0.6.RELEASE.jar
2021-12-12 16:30:29,657 [Worker-21: Building workspace] INFO  o.e.m.c.i.e.AbstractTransferListenerAdapter - Downloading https://repo.maven.apache.org/maven2/commons-logging/commons-logging/1.1.3/commons-logging-1.1.3.jar
2021-12-12 16:30:29,731 [Worker-21: Building workspace] INFO  o.e.m.c.i.e.AbstractTransferListenerAdapter - Downloaded https://repo.maven.apache.org/maven2/commons-logging/commons-logging/1.1.3/commons-logging-1.1.3.jar
2021-12-12 16:30:29,752 [Worker-17: reload maven project] INFO  o.e.m.c.i.e.AbstractTransferListenerAdapter - Downloaded https://repo.maven.apache.org/maven2/org/springframework/spring-core/4.0.6.RELEASE/spring-core-4.0.6.RELEASE.jar
2021-12-12 16:30:29,771 [Worker-21: Building workspace] INFO  o.e.m.c.i.e.AbstractTransferListenerAdapter - Downloading https://repo.maven.apache.org/maven2/org/springframework/spring-context/4.0.6.RELEASE/spring-context-4.0.6.RELEASE.jar
2021-12-12 16:30:29,806 [Worker-17: reload maven project] INFO  o.e.m.c.i.e.AbstractTransferListenerAdapter - Downloading https://repo.maven.apache.org/maven2/commons-logging/commons-logging/1.1.3/commons-logging-1.1.3.jar
2021-12-12 16:30:29,953 [Worker-17: reload maven project] INFO  o.e.m.c.i.e.AbstractTransferListenerAdapter - Downloaded https://repo.maven.apache.org/maven2/commons-logging/commons-logging/1.1.3/commons-logging-1.1.3.jar
2021-12-12 16:30:30,036 [Worker-17: reload maven project] INFO  o.e.m.c.i.e.AbstractTransferListenerAdapter - Downloading https://repo.maven.apache.org/maven2/org/springframework/spring-context/4.0.6.RELEASE/spring-context-4.0.6.RELEASE.jar
2021-12-12 16:30:30,260 [Worker-21: Building workspace] INFO  o.e.m.c.i.e.AbstractTransferListenerAdapter - Downloaded https://repo.maven.apache.org/maven2/org/springframework/spring-context/4.0.6.RELEASE/spring-context-4.0.6.RELEASE.jar
2021-12-12 16:30:30,302 [Worker-21: Building workspace] INFO  o.e.m.c.i.e.AbstractTransferListenerAdapter - Downloading https://repo.maven.apache.org/maven2/org/springframework/spring-aop/4.0.6.RELEASE/spring-aop-4.0.6.RELEASE.jar
2021-12-12 16:30:30,544 [Worker-21: Building workspace] INFO  o.e.m.c.i.e.AbstractTransferListenerAdapter - Downloaded https://repo.maven.apache.org/maven2/org/springframework/spring-aop/4.0.6.RELEASE/spring-aop-4.0.6.RELEASE.jar
2021-12-12 16:30:30,609 [Worker-21: Building workspace] INFO  o.e.m.c.i.e.AbstractTransferListenerAdapter - Downloading https://repo.maven.apache.org/maven2/org/springframework/spring-beans/4.0.6.RELEASE/spring-beans-4.0.6.RELEASE.jar
2021-12-12 16:30:30,757 [Worker-17: reload maven project] INFO  o.e.m.c.i.e.AbstractTransferListenerAdapter - Downloaded https://repo.maven.apache.org/maven2/org/springframework/spring-context/4.0.6.RELEASE/spring-context-4.0.6.RELEASE.jar
2021-12-12 16:30:30,808 [Worker-17: reload maven project] INFO  o.e.m.c.i.e.AbstractTransferListenerAdapter - Downloading https://repo.maven.apache.org/maven2/org/springframework/spring-aop/4.0.6.RELEASE/spring-aop-4.0.6.RELEASE.jar
2021-12-12 16:30:30,947 [Worker-21: Building workspace] INFO  o.e.m.c.i.e.AbstractTransferListenerAdapter - Downloaded https://repo.maven.apache.org/maven2/org/springframework/spring-beans/4.0.6.RELEASE/spring-beans-4.0.6.RELEASE.jar
2021-12-12 16:30:30,990 [Worker-21: Building workspace] INFO  o.e.m.c.i.e.AbstractTransferListenerAdapter - Downloading https://repo.maven.apache.org/maven2/org/springframework/spring-expression/4.0.6.RELEASE/spring-expression-4.0.6.RELEASE.jar
2021-12-12 16:30:31,051 [Worker-17: reload maven project] INFO  o.e.m.c.i.e.AbstractTransferListenerAdapter - Downloaded https://repo.maven.apache.org/maven2/org/springframework/spring-aop/4.0.6.RELEASE/spring-aop-4.0.6.RELEASE.jar
2021-12-12 16:30:31,091 [Worker-17: reload maven project] INFO  o.e.m.c.i.e.AbstractTransferListenerAdapter - Downloading https://repo.maven.apache.org/maven2/org/springframework/spring-beans/4.0.6.RELEASE/spring-beans-4.0.6.RELEASE.jar
2021-12-12 16:30:31,128 [Worker-21: Building workspace] INFO  o.e.m.c.i.e.AbstractTransferListenerAdapter - Downloaded https://repo.maven.apache.org/maven2/org/springframework/spring-expression/4.0.6.RELEASE/spring-expression-4.0.6.RELEASE.jar
2021-12-12 16:30:31,392 [Worker-17: reload maven project] INFO  o.e.m.c.i.e.AbstractTransferListenerAdapter - Downloaded https://repo.maven.apache.org/maven2/org/springframework/spring-beans/4.0.6.RELEASE/spring-beans-4.0.6.RELEASE.jar
2021-12-12 16:30:31,426 [Worker-17: reload maven project] INFO  o.e.m.c.i.e.AbstractTransferListenerAdapter - Downloading https://repo.maven.apache.org/maven2/org/springframework/spring-expression/4.0.6.RELEASE/spring-expression-4.0.6.RELEASE.jar
2021-12-12 16:30:31,550 [Worker-17: reload maven project] INFO  o.e.m.c.i.e.AbstractTransferListenerAdapter - Downloaded https://repo.maven.apache.org/maven2/org/springframework/spring-expression/4.0.6.RELEASE/spring-expression-4.0.6.RELEASE.jar
2021-12-12 16:30:31,743 [Worker-21: Building workspace] WARN  o.e.m.c.i.embedder.EclipseLogger - Using platform encoding (Cp1252 actually) to copy filtered resources, i.e. build is platform dependent!
2021-12-12 16:30:31,748 [Worker-21: Building workspace] INFO  o.e.m.c.i.embedder.EclipseLogger - Copying 0 resource
2021-12-12 16:30:31,752 [Worker-21: Building workspace] WARN  o.e.m.c.i.embedder.EclipseLogger - Using platform encoding (Cp1252 actually) to copy filtered resources, i.e. build is platform dependent!
2021-12-12 16:30:31,753 [Worker-21: Building workspace] INFO  o.e.m.c.i.embedder.EclipseLogger - Copying 0 resource
2021-12-12 16:30:32,770 [Worker-17: Download sources and javadoc] INFO  o.e.m.c.i.e.AbstractTransferListenerAdapter - Downloading https://repo.maven.apache.org/maven2/org/springframework/spring-core/4.0.6.RELEASE/spring-core-4.0.6.RELEASE-sources.jar
2021-12-12 16:30:33,125 [Worker-17: Download sources and javadoc] INFO  o.e.m.c.i.e.AbstractTransferListenerAdapter - Downloaded https://repo.maven.apache.org/maven2/org/springframework/spring-core/4.0.6.RELEASE/spring-core-4.0.6.RELEASE-sources.jar
2021-12-12 16:30:33,167 [Worker-17: Download sources and javadoc] INFO  o.e.m.j.internal.DownloadSourcesJob - Downloaded sources for org.springframework:spring-core:4.0.6.RELEASE
2021-12-12 16:30:33,305 [Worker-17: Download sources and javadoc] INFO  o.e.m.c.i.e.AbstractTransferListenerAdapter - Downloading https://repo.maven.apache.org/maven2/commons-logging/commons-logging/1.1.3/commons-logging-1.1.3-sources.jar
2021-12-12 16:30:33,407 [Worker-17: Download sources and javadoc] INFO  o.e.m.c.i.e.AbstractTransferListenerAdapter - Downloaded https://repo.maven.apache.org/maven2/commons-logging/commons-logging/1.1.3/commons-logging-1.1.3-sources.jar
2021-12-12 16:30:33,458 [Worker-17: Download sources and javadoc] INFO  o.e.m.j.internal.DownloadSourcesJob - Downloaded sources for commons-logging:commons-logging:1.1.3
2021-12-12 16:30:33,604 [Worker-17: Download sources and javadoc] INFO  o.e.m.c.i.e.AbstractTransferListenerAdapter - Downloading https://repo.maven.apache.org/maven2/org/springframework/spring-context/4.0.6.RELEASE/spring-context-4.0.6.RELEASE-sources.jar
2021-12-12 16:30:33,706 [Worker-21: Building workspace] WARN  o.e.m.c.i.embedder.EclipseLogger - Using platform encoding (Cp1252 actually) to copy filtered resources, i.e. build is platform dependent!
2021-12-12 16:30:33,710 [Worker-21: Building workspace] INFO  o.e.m.c.i.embedder.EclipseLogger - Copying 0 resource
2021-12-12 16:30:33,713 [Worker-21: Building workspace] WARN  o.e.m.c.i.embedder.EclipseLogger - Using platform encoding (Cp1252 actually) to copy filtered resources, i.e. build is platform dependent!
2021-12-12 16:30:33,714 [Worker-21: Building workspace] INFO  o.e.m.c.i.embedder.EclipseLogger - Copying 0 resource
2021-12-12 16:30:34,468 [Worker-17: Download sources and javadoc] INFO  o.e.m.c.i.e.AbstractTransferListenerAdapter - Downloaded https://repo.maven.apache.org/maven2/org/springframework/spring-context/4.0.6.RELEASE/spring-context-4.0.6.RELEASE-sources.jar
2021-12-12 16:30:34,508 [Worker-17: Download sources and javadoc] INFO  o.e.m.j.internal.DownloadSourcesJob - Downloaded sources for org.springframework:spring-context:4.0.6.RELEASE
2021-12-12 16:30:34,759 [Worker-17: Download sources and javadoc] INFO  o.e.m.c.i.e.AbstractTransferListenerAdapter - Downloading https://repo.maven.apache.org/maven2/org/springframework/spring-aop/4.0.6.RELEASE/spring-aop-4.0.6.RELEASE-sources.jar
2021-12-12 16:30:34,939 [Worker-17: Download sources and javadoc] INFO  o.e.m.c.i.e.AbstractTransferListenerAdapter - Downloaded https://repo.maven.apache.org/maven2/org/springframework/spring-aop/4.0.6.RELEASE/spring-aop-4.0.6.RELEASE-sources.jar
2021-12-12 16:30:34,976 [Worker-17: Download sources and javadoc] INFO  o.e.m.j.internal.DownloadSourcesJob - Downloaded sources for org.springframework:spring-aop:4.0.6.RELEASE
2021-12-12 16:30:35,085 [Worker-17: Download sources and javadoc] INFO  o.e.m.c.i.e.AbstractTransferListenerAdapter - Downloading https://repo.maven.apache.org/maven2/aopalliance/aopalliance/1.0/aopalliance-1.0-sources.jar
2021-12-12 16:30:35,145 [Worker-17: Download sources and javadoc] INFO  o.e.m.c.i.e.AbstractTransferListenerAdapter - Downloaded https://repo.maven.apache.org/maven2/aopalliance/aopalliance/1.0/aopalliance-1.0-sources.jar
2021-12-12 16:30:35,215 [Worker-17: Download sources and javadoc] INFO  o.e.m.j.internal.DownloadSourcesJob - Downloaded sources for aopalliance:aopalliance:1.0
2021-12-12 16:30:35,335 [Worker-17: Download sources and javadoc] INFO  o.e.m.c.i.e.AbstractTransferListenerAdapter - Downloading https://repo.maven.apache.org/maven2/org/springframework/spring-beans/4.0.6.RELEASE/spring-beans-4.0.6.RELEASE-sources.jar
2021-12-12 16:30:35,564 [Worker-17: Download sources and javadoc] INFO  o.e.m.c.i.e.AbstractTransferListenerAdapter - Downloaded https://repo.maven.apache.org/maven2/org/springframework/spring-beans/4.0.6.RELEASE/spring-beans-4.0.6.RELEASE-sources.jar
2021-12-12 16:30:35,603 [Worker-17: Download sources and javadoc] INFO  o.e.m.j.internal.DownloadSourcesJob - Downloaded sources for org.springframework:spring-beans:4.0.6.RELEASE
2021-12-12 16:30:35,813 [Worker-17: Download sources and javadoc] INFO  o.e.m.c.i.e.AbstractTransferListenerAdapter - Downloading https://repo.maven.apache.org/maven2/org/springframework/spring-expression/4.0.6.RELEASE/spring-expression-4.0.6.RELEASE-sources.jar
2021-12-12 16:30:36,256 [Worker-17: Download sources and javadoc] INFO  o.e.m.c.i.e.AbstractTransferListenerAdapter - Downloaded https://repo.maven.apache.org/maven2/org/springframework/spring-expression/4.0.6.RELEASE/spring-expression-4.0.6.RELEASE-sources.jar
2021-12-12 16:30:36,297 [Worker-17: Download sources and javadoc] INFO  o.e.m.j.internal.DownloadSourcesJob - Downloaded sources for org.springframework:spring-expression:4.0.6.RELEASE
2021-12-12 16:30:36,467 [Worker-21: Building workspace] WARN  o.e.m.c.i.embedder.EclipseLogger - Using platform encoding (Cp1252 actually) to copy filtered resources, i.e. build is platform dependent!
2021-12-12 16:30:36,468 [Worker-21: Building workspace] INFO  o.e.m.c.i.embedder.EclipseLogger - Copying 0 resource
2021-12-12 16:30:36,470 [Worker-21: Building workspace] WARN  o.e.m.c.i.embedder.EclipseLogger - Using platform encoding (Cp1252 actually) to copy filtered resources, i.e. build is platform dependent!
2021-12-12 16:30:36,471 [Worker-21: Building workspace] INFO  o.e.m.c.i.embedder.EclipseLogger - Copying 0 resource
2021-12-12 16:30:50,602 [Worker-17: Building workspace] INFO  o.e.m.c.i.l.LifecycleMappingFactory - Using org.eclipse.m2e.jdt.JarLifecycleMapping lifecycle mapping for MavenProject: SpringSetterInjection:SpringSetterInjection:0.0.1-SNAPSHOT @ C:\Users\jorge\Desktop\cosas_de_clase\Desarrollo_de_Interfaces\Eclipse_2Eval\SpringSetterInjection\pom.xml.
2021-12-12 16:30:50,774 [Worker-17: Building workspace] WARN  o.e.m.c.i.embedder.EclipseLogger - Using platform encoding (Cp1252 actually) to copy filtered resources, i.e. build is platform dependent!
2021-12-12 16:30:50,776 [Worker-17: Building workspace] INFO  o.e.m.c.i.embedder.EclipseLogger - Copying 0 resource
2021-12-12 16:30:50,778 [Worker-17: Building workspace] WARN  o.e.m.c.i.embedder.EclipseLogger - Using platform encoding (Cp1252 actually) to copy filtered resources, i.e. build is platform dependent!
2021-12-12 16:30:50,780 [Worker-17: Building workspace] INFO  o.e.m.c.i.embedder.EclipseLogger - Copying 0 resource
2021-12-12 16:52:49,038 [Worker-26: Building workspace] WARN  o.e.m.c.i.embedder.EclipseLogger - Using platform encoding (Cp1252 actually) to copy filtered resources, i.e. build is platform dependent!
2021-12-12 16:52:49,041 [Worker-26: Building workspace] INFO  o.e.m.c.i.embedder.EclipseLogger - Copying 0 resource
2021-12-12 16:52:49,042 [Worker-26: Building workspace] WARN  o.e.m.c.i.embedder.EclipseLogger - Using platform encoding (Cp1252 actually) to copy filtered resources, i.e. build is platform dependent!
2021-12-12 16:52:49,044 [Worker-26: Building workspace] INFO  o.e.m.c.i.embedder.EclipseLogger - Copying 0 resource
2021-12-12 17:00:22,752 [Worker-31: Building workspace] WARN  o.e.m.c.i.embedder.EclipseLogger - Using platform encoding (Cp1252 actually) to copy filtered resources, i.e. build is platform dependent!
2021-12-12 17:00:22,754 [Worker-31: Building workspace] INFO  o.e.m.c.i.embedder.EclipseLogger - Copying 0 resource
2021-12-12 17:00:22,759 [Worker-31: Building workspace] WARN  o.e.m.c.i.embedder.EclipseLogger - Using platform encoding (Cp1252 actually) to copy filtered resources, i.e. build is platform dependent!
2021-12-12 17:00:22,759 [Worker-31: Building workspace] INFO  o.e.m.c.i.embedder.EclipseLogger - Copying 0 resource
2021-12-12 17:00:23,825 [Worker-31: Building workspace] WARN  o.e.m.c.i.embedder.EclipseLogger - Using platform encoding (Cp1252 actually) to copy filtered resources, i.e. build is platform dependent!
2021-12-12 17:00:23,825 [Worker-31: Building workspace] INFO  o.e.m.c.i.embedder.EclipseLogger - Copying 0 resource
2021-12-12 17:00:23,827 [Worker-31: Building workspace] WARN  o.e.m.c.i.embedder.EclipseLogger - Using platform encoding (Cp1252 actually) to copy filtered resources, i.e. build is platform dependent!
2021-12-12 17:00:23,828 [Worker-31: Building workspace] INFO  o.e.m.c.i.embedder.EclipseLogger - Copying 0 resource
2021-12-12 17:00:38,398 [Worker-33: Building workspace] WARN  o.e.m.c.i.embedder.EclipseLogger - Using platform encoding (Cp1252 actually) to copy filtered resources, i.e. build is platform dependent!
2021-12-12 17:00:38,401 [Worker-33: Building workspace] INFO  o.e.m.c.i.embedder.EclipseLogger - Copying 0 resource
2021-12-12 17:00:38,402 [Worker-33: Building workspace] WARN  o.e.m.c.i.embedder.EclipseLogger - Using platform encoding (Cp1252 actually) to copy filtered resources, i.e. build is platform dependent!
2021-12-12 17:00:38,404 [Worker-33: Building workspace] INFO  o.e.m.c.i.embedder.EclipseLogger - Copying 0 resource
2021-12-12 17:14:31,346 [Worker-37: Building workspace] WARN  o.e.m.c.i.embedder.EclipseLogger - Using platform encoding (Cp1252 actually) to copy filtered resources, i.e. build is platform dependent!
2021-12-12 17:14:31,347 [Worker-37: Building workspace] INFO  o.e.m.c.i.embedder.EclipseLogger - Copying 0 resource
2021-12-12 17:14:31,348 [Worker-37: Building workspace] WARN  o.e.m.c.i.embedder.EclipseLogger - Using platform encoding (Cp1252 actually) to copy filtered resources, i.e. build is platform dependent!
2021-12-12 17:14:31,350 [Worker-37: Building workspace] INFO  o.e.m.c.i.embedder.EclipseLogger - Copying 0 resource
2021-12-12 17:20:02,347 [Worker-38: Building workspace] WARN  o.e.m.c.i.embedder.EclipseLogger - Using platform encoding (Cp1252 actually) to copy filtered resources, i.e. build is platform dependent!
2021-12-12 17:20:02,353 [Worker-38: Building workspace] INFO  o.e.m.c.i.embedder.EclipseLogger - Copying 1 resource
2021-12-12 17:20:02,363 [Worker-38: Building workspace] WARN  o.e.m.c.i.embedder.EclipseLogger - Using platform encoding (Cp1252 actually) to copy filtered resources, i.e. build is platform dependent!
2021-12-12 17:20:02,363 [Worker-38: Building workspace] INFO  o.e.m.c.i.embedder.EclipseLogger - Copying 0 resource
2021-12-12 17:21:46,126 [Worker-37: Launching AppMain] WARN  o.e.m.c.i.embedder.EclipseLogger - Using platform encoding (Cp1252 actually) to copy filtered resources, i.e. build is platform dependent!
2021-12-12 17:21:46,126 [Worker-37: Launching AppMain] INFO  o.e.m.c.i.embedder.EclipseLogger - Copying 1 resource
2021-12-12 17:21:46,137 [Worker-37: Launching AppMain] WARN  o.e.m.c.i.embedder.EclipseLogger - Using platform encoding (Cp1252 actually) to copy filtered resources, i.e. build is platform dependent!
2021-12-12 17:21:46,137 [Worker-37: Launching AppMain] INFO  o.e.m.c.i.embedder.EclipseLogger - Copying 0 resource
